<?xml version="1.0" encoding="UTF-8"?>
<testng-results skipped="0" failed="0" ignored="0" total="2" passed="2">
  <reporter-output>
    <line>
      <![CDATA[Launch URL Successfully]]>
    </line>
    <line>
      <![CDATA[Valid AgeGate TextVerified]]>
    </line>
  </reporter-output>
  <suite name="Suite" duration-ms="4379" started-at="2020-05-31T15:29:57 IST" finished-at="2020-05-31T15:30:01 IST">
    <groups>
    </groups>
    <test name="Test1" duration-ms="4379" started-at="2020-05-31T15:29:57 IST" finished-at="2020-05-31T15:30:01 IST">
      <class name="testInitialization.TresgenAgeGate">
        <test-method status="PASS" signature="UILaunch()[pri:0, instance:testInitialization.TresgenAgeGate@53045c6c]" name="UILaunch" duration-ms="3655" started-at="2020-05-31T15:29:57 IST" description="To verify Successful Launch of URL" finished-at="2020-05-31T15:30:01 IST">
          <reporter-output>
            <line>
              <![CDATA[Launch URL Successfully]]>
            </line>
          </reporter-output>
        </test-method> <!-- UILaunch -->
        <test-method status="PASS" signature="ValidAgeGateText()[pri:1, instance:testInitialization.TresgenAgeGate@53045c6c]" name="ValidAgeGateText" duration-ms="681" started-at="2020-05-31T15:30:01 IST" description="To verify valid age gate text" finished-at="2020-05-31T15:30:01 IST">
          <reporter-output>
            <line>
              <![CDATA[Valid AgeGate TextVerified]]>
            </line>
          </reporter-output>
        </test-method> <!-- ValidAgeGateText -->
      </class> <!-- testInitialization.TresgenAgeGate -->
    </test> <!-- Test1 -->
  </suite> <!-- Suite -->
</testng-results>
